2025-07-09 00:48:52,813 - INFO - Loaded 0 URLs from /Users/akunay/Downloads/melissa-backup_URLs_to-scrape.txt
2025-07-09 00:48:52,814 - ERROR - No URLs to process
2025-07-09 00:49:16,711 - WARNING - Line 1: No separator found: https://melissa.respira.live/
2025-07-09 00:49:16,712 - WARNING - Line 2: No separator found: https://melissa.respira.live/blog
2025-07-09 00:49:16,712 - WARNING - Line 3: No separator found: https://melissa.respira.live/contact
2025-07-09 00:49:16,712 - WARNING - Line 4: No separator found: https://melissa.respira.live/instagram-link-in-bio-page
2025-07-09 00:49:16,712 - WARNING - Line 5: No separator found: https://melissa.respira.live/openingRomania
2025-07-09 00:49:16,712 - WARNING - Line 6: No separator found: https://melissa.respira.live/man-in-control
2025-07-09 00:49:16,712 - WARNING - Line 7: No separator found: https://melissa.respira.live/practice-audios
2025-07-09 00:49:16,712 - WARNING - Line 8: No separator found: https://melissa.respira.live/OpeningLondon
2025-07-09 00:49:16,712 - WARNING - Line 9: No separator found: https://melissa.respira.live/ManInControl
2025-07-09 00:49:16,712 - WARNING - Line 10: No separator found: https://melissa.respira.live/man-in-control-group-program
2025-07-09 00:49:16,712 - WARNING - Line 11: No separator found: https://melissa.respira.live/RavishLondon
2025-07-09 00:49:16,712 - WARNING - Line 12: No separator found: https://melissa.respira.live/TheToplessBrunch
2025-07-09 00:49:16,712 - WARNING - Line 13: No separator found: https://melissa.respira.live/MasterYourSexualPresence
2025-07-09 00:49:16,712 - WARNING - Line 14: No separator found: https://melissa.respira.live/LaFemme
2025-07-09 00:49:16,712 - WARNING - Line 15: No separator found: https://melissa.respira.live/jewel
2025-07-09 00:49:16,712 - WARNING - Line 16: No separator found: https://melissa.respira.live/man-activated-1
2025-07-09 00:49:16,712 - WARNING - Line 17: No separator found: https://melissa.respira.live/surrender
2025-07-09 00:49:16,712 - WARNING - Line 18: No separator found: https://melissa.respira.live/master-your-sexual-presence
2025-07-09 00:49:16,712 - WARNING - Line 19: No separator found: https://melissa.respira.live/oyc
2025-07-09 00:49:16,712 - WARNING - Line 20: No separator found: https://melissa.respira.live/comparte
2025-07-09 00:49:16,712 - WARNING - Line 21: No separator found: https://melissa.respira.live/the-pleasure-studio-policy
2025-07-09 00:49:16,712 - WARNING - Line 22: No separator found: https://melissa.respira.live/pussy-talks
2025-07-09 00:49:16,712 - WARNING - Line 23: No separator found: https://melissa.respira.live/pussy-talks-thank-you-page
2025-07-09 00:49:16,712 - WARNING - Line 24: No separator found: https://melissa.respira.live/podcasts
2025-07-09 00:49:16,712 - WARNING - Line 25: No separator found: https://melissa.respira.live/block
2025-07-09 00:49:16,712 - WARNING - Line 26: No separator found: https://melissa.respira.live/deeper-relating
2025-07-09 00:49:16,712 - WARNING - Line 27: No separator found: https://melissa.respira.live/free-community-events
2025-07-09 00:49:16,712 - WARNING - Line 28: No separator found: https://melissa.respira.live/occupy-your-cock
2025-07-09 00:49:16,712 - WARNING - Line 29: No separator found: https://melissa.respira.live/menscoaching
2025-07-09 00:49:16,712 - WARNING - Line 30: No separator found: https://melissa.respira.live/womenscoaching
2025-07-09 00:49:16,712 - WARNING - Line 31: No separator found: https://melissa.respira.live/5-day-free-pleasure-immersion
2025-07-09 00:49:16,712 - WARNING - Line 32: No separator found: https://melissa.respira.live/opt-in
2025-07-09 00:49:16,713 - WARNING - Line 33: No separator found: https://melissa.respira.live/5-day-pleasure-thank-you
2025-07-09 00:49:16,713 - WARNING - Line 34: No separator found: https://melissa.respira.live/loud
2025-07-09 00:49:16,713 - WARNING - Line 35: No separator found: https://melissa.respira.live/contact-me
2025-07-09 00:49:16,713 - WARNING - Line 36: No separator found: https://melissa.respira.live/opt-in-db771637-dd78-4d8a-84dd-8d47753512cc
2025-07-09 00:49:16,713 - WARNING - Line 37: No separator found: https://melissa.respira.live/thank-you-bd8bbfde-1a55-4f99-8693-54f7a51c2798
2025-07-09 00:49:16,713 - WARNING - Line 38: No separator found: https://melissa.respira.live/relating-deeper
2025-07-09 00:49:16,713 - WARNING - Line 39: No separator found: https://melissa.respira.live/deeperrelatingcheckout
2025-07-09 00:49:16,713 - WARNING - Line 40: No separator found: https://melissa.respira.live/Pleasurecodeimmersion
2025-07-09 00:49:16,713 - INFO - Loaded 0 URLs from /Users/akunay/Downloads/melissa-backup_URLs_to-scrape.txt
2025-07-09 00:49:16,713 - ERROR - No URLs to process
2025-07-09 00:49:37,315 - INFO - Loaded 40 URLs from /Users/akunay/Downloads/melissa-backup_URLs_to-scrape.txt
2025-07-09 00:49:37,316 - INFO - Starting scraping process for 40 URLs
2025-07-09 00:49:37,316 - INFO - Batch size: 5
2025-07-09 00:49:37,316 - INFO - Base delay: 2-5 seconds
2025-07-09 00:49:37,316 - INFO - Remaining URLs to process: 40
2025-07-09 00:49:37,316 - INFO - Processing batch 1 with 5 URLs
2025-07-09 00:49:37,316 - INFO - Scraping: https://melissa.respira.live/ (attempt 1/3)
2025-07-09 00:49:38,361 - INFO - Successfully scraped: https://melissa.respira.live/
2025-07-09 00:49:38,361 - INFO - Progress: 1/5 URLs completed
2025-07-09 00:49:38,362 - INFO - Waiting 4.25 seconds...
2025-07-09 00:49:42,622 - INFO - Scraping: https://melissa.respira.live/blog (attempt 1/3)
2025-07-09 00:49:43,266 - INFO - Successfully scraped: https://melissa.respira.live/blog
2025-07-09 00:49:43,266 - INFO - Progress: 2/5 URLs completed
2025-07-09 00:49:43,266 - INFO - Waiting 4.84 seconds...
2025-07-09 00:49:48,115 - INFO - Scraping: https://melissa.respira.live/contact (attempt 1/3)
2025-07-09 00:49:49,066 - INFO - Successfully scraped: https://melissa.respira.live/contact
2025-07-09 00:49:49,066 - INFO - Progress: 3/5 URLs completed
2025-07-09 00:49:49,067 - INFO - Waiting 4.22 seconds...
2025-07-09 00:49:53,292 - INFO - Scraping: https://melissa.respira.live/instagram-link-in-bio-page (attempt 1/3)
2025-07-09 00:49:54,021 - INFO - Successfully scraped: https://melissa.respira.live/instagram-link-in-bio-page
2025-07-09 00:49:54,021 - INFO - Progress: 4/5 URLs completed
2025-07-09 00:49:54,022 - INFO - Waiting 2.60 seconds...
2025-07-09 00:49:56,624 - INFO - Scraping: https://melissa.respira.live/openingRomania (attempt 1/3)
2025-07-09 00:49:59,551 - INFO - Successfully scraped: https://melissa.respira.live/openingRomania
2025-07-09 00:49:59,551 - INFO - Progress: 5/5 URLs completed
2025-07-09 00:49:59,552 - INFO - Batch completed. Pausing 10.61 seconds before next batch...
2025-07-09 00:50:10,167 - INFO - Processing batch 2 with 5 URLs
2025-07-09 00:50:10,167 - INFO - Scraping: https://melissa.respira.live/man-in-control (attempt 1/3)
2025-07-09 00:50:11,068 - INFO - Successfully scraped: https://melissa.respira.live/man-in-control
2025-07-09 00:50:11,068 - INFO - Progress: 6/5 URLs completed
2025-07-09 00:50:11,069 - INFO - Waiting 2.40 seconds...
2025-07-09 00:50:13,475 - INFO - Scraping: https://melissa.respira.live/practice-audios (attempt 1/3)
2025-07-09 00:50:14,166 - INFO - Successfully scraped: https://melissa.respira.live/practice-audios
2025-07-09 00:50:14,166 - INFO - Progress: 7/5 URLs completed
2025-07-09 00:50:14,167 - INFO - Waiting 2.23 seconds...
2025-07-09 00:50:16,400 - INFO - Scraping: https://melissa.respira.live/OpeningLondon (attempt 1/3)
2025-07-09 00:50:16,903 - WARNING - Attempt 1 failed for https://melissa.respira.live/OpeningLondon: 404 Client Error: Not Found for url: https://melissa.respira.live/OpeningLondon
2025-07-09 00:50:16,903 - INFO - Waiting 2 seconds before retry...
2025-07-09 00:50:18,908 - INFO - Scraping: https://melissa.respira.live/OpeningLondon (attempt 2/3)
2025-07-09 00:50:19,415 - WARNING - Attempt 2 failed for https://melissa.respira.live/OpeningLondon: 404 Client Error: Not Found for url: https://melissa.respira.live/OpeningLondon
2025-07-09 00:50:19,415 - INFO - Waiting 4 seconds before retry...
2025-07-09 00:50:23,421 - INFO - Scraping: https://melissa.respira.live/OpeningLondon (attempt 3/3)
2025-07-09 00:50:23,866 - WARNING - Attempt 3 failed for https://melissa.respira.live/OpeningLondon: 404 Client Error: Not Found for url: https://melissa.respira.live/OpeningLondon
2025-07-09 00:50:23,869 - ERROR - All attempts failed for https://melissa.respira.live/OpeningLondon
2025-07-09 00:50:23,869 - ERROR - Failed to scrape: https://melissa.respira.live/OpeningLondon
2025-07-09 00:50:23,875 - INFO - Waiting 2.54 seconds...
2025-07-09 00:50:26,415 - INFO - Scraping: https://melissa.respira.live/ManInControl (attempt 1/3)
2025-07-09 00:50:26,848 - WARNING - Attempt 1 failed for https://melissa.respira.live/ManInControl: 404 Client Error: Not Found for url: https://melissa.respira.live/ManInControl
2025-07-09 00:50:26,848 - INFO - Waiting 2 seconds before retry...
2025-07-09 00:50:28,853 - INFO - Scraping: https://melissa.respira.live/ManInControl (attempt 2/3)
2025-07-09 00:50:29,274 - WARNING - Attempt 2 failed for https://melissa.respira.live/ManInControl: 404 Client Error: Not Found for url: https://melissa.respira.live/ManInControl
2025-07-09 00:50:29,274 - INFO - Waiting 4 seconds before retry...
2025-07-09 00:50:33,275 - INFO - Scraping: https://melissa.respira.live/ManInControl (attempt 3/3)
2025-07-09 00:50:34,576 - WARNING - Attempt 3 failed for https://melissa.respira.live/ManInControl: 404 Client Error: Not Found for url: https://melissa.respira.live/ManInControl
2025-07-09 00:50:34,577 - ERROR - All attempts failed for https://melissa.respira.live/ManInControl
2025-07-09 00:50:34,577 - ERROR - Failed to scrape: https://melissa.respira.live/ManInControl
2025-07-09 00:50:34,582 - INFO - Waiting 4.72 seconds...
2025-07-09 00:50:39,305 - INFO - Scraping: https://melissa.respira.live/man-in-control-group-program (attempt 1/3)
2025-07-09 00:50:39,922 - WARNING - Attempt 1 failed for https://melissa.respira.live/man-in-control-group-program: 404 Client Error: Not Found for url: https://melissa.respira.live/man-in-control-group-program
2025-07-09 00:50:39,922 - INFO - Waiting 2 seconds before retry...
2025-07-09 00:50:41,927 - INFO - Scraping: https://melissa.respira.live/man-in-control-group-program (attempt 2/3)
2025-07-09 00:50:45,250 - WARNING - Attempt 2 failed for https://melissa.respira.live/man-in-control-group-program: 404 Client Error: Not Found for url: https://melissa.respira.live/man-in-control-group-program
2025-07-09 00:50:45,250 - INFO - Waiting 4 seconds before retry...
2025-07-09 00:50:49,260 - INFO - Scraping: https://melissa.respira.live/man-in-control-group-program (attempt 3/3)
2025-07-09 00:50:49,723 - WARNING - Attempt 3 failed for https://melissa.respira.live/man-in-control-group-program: 404 Client Error: Not Found for url: https://melissa.respira.live/man-in-control-group-program
2025-07-09 00:50:49,723 - ERROR - All attempts failed for https://melissa.respira.live/man-in-control-group-program
2025-07-09 00:50:49,723 - ERROR - Failed to scrape: https://melissa.respira.live/man-in-control-group-program
2025-07-09 00:50:49,724 - INFO - Batch completed. Pausing 14.37 seconds before next batch...
2025-07-09 00:51:04,103 - INFO - Processing batch 3 with 5 URLs
2025-07-09 00:51:04,105 - INFO - Scraping: https://melissa.respira.live/RavishLondon (attempt 1/3)
2025-07-09 00:51:04,542 - WARNING - Attempt 1 failed for https://melissa.respira.live/RavishLondon: 404 Client Error: Not Found for url: https://melissa.respira.live/RavishLondon
2025-07-09 00:51:04,542 - INFO - Waiting 2 seconds before retry...
2025-07-09 00:51:06,548 - INFO - Scraping: https://melissa.respira.live/RavishLondon (attempt 2/3)
2025-07-09 00:51:06,994 - WARNING - Attempt 2 failed for https://melissa.respira.live/RavishLondon: 404 Client Error: Not Found for url: https://melissa.respira.live/RavishLondon
2025-07-09 00:51:06,995 - INFO - Waiting 4 seconds before retry...
2025-07-09 00:51:10,996 - INFO - Scraping: https://melissa.respira.live/RavishLondon (attempt 3/3)
2025-07-09 00:51:11,473 - WARNING - Attempt 3 failed for https://melissa.respira.live/RavishLondon: 404 Client Error: Not Found for url: https://melissa.respira.live/RavishLondon
2025-07-09 00:51:11,473 - ERROR - All attempts failed for https://melissa.respira.live/RavishLondon
2025-07-09 00:51:11,473 - ERROR - Failed to scrape: https://melissa.respira.live/RavishLondon
2025-07-09 00:51:11,477 - INFO - Waiting 2.72 seconds...
2025-07-09 00:51:14,197 - INFO - Scraping: https://melissa.respira.live/TheToplessBrunch (attempt 1/3)
2025-07-09 00:51:14,680 - WARNING - Attempt 1 failed for https://melissa.respira.live/TheToplessBrunch: 404 Client Error: Not Found for url: https://melissa.respira.live/TheToplessBrunch
2025-07-09 00:51:14,681 - INFO - Waiting 2 seconds before retry...
2025-07-09 00:51:16,683 - INFO - Scraping: https://melissa.respira.live/TheToplessBrunch (attempt 2/3)
2025-07-09 00:51:17,170 - WARNING - Attempt 2 failed for https://melissa.respira.live/TheToplessBrunch: 404 Client Error: Not Found for url: https://melissa.respira.live/TheToplessBrunch
2025-07-09 00:51:17,170 - INFO - Waiting 4 seconds before retry...
2025-07-09 00:51:21,175 - INFO - Scraping: https://melissa.respira.live/TheToplessBrunch (attempt 3/3)
2025-07-09 00:51:21,650 - WARNING - Attempt 3 failed for https://melissa.respira.live/TheToplessBrunch: 404 Client Error: Not Found for url: https://melissa.respira.live/TheToplessBrunch
2025-07-09 00:51:21,651 - ERROR - All attempts failed for https://melissa.respira.live/TheToplessBrunch
2025-07-09 00:51:21,651 - ERROR - Failed to scrape: https://melissa.respira.live/TheToplessBrunch
2025-07-09 00:51:21,653 - INFO - Waiting 3.60 seconds...
2025-07-09 00:51:25,256 - INFO - Scraping: https://melissa.respira.live/MasterYourSexualPresence (attempt 1/3)
2025-07-09 00:51:25,679 - WARNING - Attempt 1 failed for https://melissa.respira.live/MasterYourSexualPresence: 404 Client Error: Not Found for url: https://melissa.respira.live/MasterYourSexualPresence
2025-07-09 00:51:25,684 - INFO - Waiting 2 seconds before retry...
2025-07-09 00:51:27,692 - INFO - Scraping: https://melissa.respira.live/MasterYourSexualPresence (attempt 2/3)
2025-07-09 00:51:28,111 - WARNING - Attempt 2 failed for https://melissa.respira.live/MasterYourSexualPresence: 404 Client Error: Not Found for url: https://melissa.respira.live/MasterYourSexualPresence
2025-07-09 00:51:28,111 - INFO - Waiting 4 seconds before retry...
2025-07-09 00:51:32,117 - INFO - Scraping: https://melissa.respira.live/MasterYourSexualPresence (attempt 3/3)
2025-07-09 00:51:33,658 - WARNING - Attempt 3 failed for https://melissa.respira.live/MasterYourSexualPresence: 404 Client Error: Not Found for url: https://melissa.respira.live/MasterYourSexualPresence
2025-07-09 00:51:33,658 - ERROR - All attempts failed for https://melissa.respira.live/MasterYourSexualPresence
2025-07-09 00:51:33,658 - ERROR - Failed to scrape: https://melissa.respira.live/MasterYourSexualPresence
2025-07-09 00:51:33,659 - INFO - Waiting 3.49 seconds...
2025-07-09 00:51:37,153 - INFO - Scraping: https://melissa.respira.live/LaFemme (attempt 1/3)
2025-07-09 00:51:37,637 - WARNING - Attempt 1 failed for https://melissa.respira.live/LaFemme: 404 Client Error: Not Found for url: https://melissa.respira.live/LaFemme
2025-07-09 00:51:37,637 - INFO - Waiting 2 seconds before retry...
2025-07-09 00:51:39,641 - INFO - Scraping: https://melissa.respira.live/LaFemme (attempt 2/3)
2025-07-09 00:51:40,137 - WARNING - Attempt 2 failed for https://melissa.respira.live/LaFemme: 404 Client Error: Not Found for url: https://melissa.respira.live/LaFemme
2025-07-09 00:51:40,138 - INFO - Waiting 4 seconds before retry...
2025-07-09 00:51:44,146 - INFO - Scraping: https://melissa.respira.live/LaFemme (attempt 3/3)
2025-07-09 00:51:44,562 - WARNING - Attempt 3 failed for https://melissa.respira.live/LaFemme: 404 Client Error: Not Found for url: https://melissa.respira.live/LaFemme
2025-07-09 00:51:44,562 - ERROR - All attempts failed for https://melissa.respira.live/LaFemme
2025-07-09 00:51:44,563 - ERROR - Failed to scrape: https://melissa.respira.live/LaFemme
2025-07-09 00:51:44,566 - INFO - Waiting 3.91 seconds...
2025-07-09 00:51:48,480 - INFO - Scraping: https://melissa.respira.live/jewel (attempt 1/3)
2025-07-09 00:51:48,894 - WARNING - Attempt 1 failed for https://melissa.respira.live/jewel: 404 Client Error: Not Found for url: https://melissa.respira.live/jewel
2025-07-09 00:51:48,894 - INFO - Waiting 2 seconds before retry...
2025-07-09 00:51:50,898 - INFO - Scraping: https://melissa.respira.live/jewel (attempt 2/3)
2025-07-09 00:51:51,319 - WARNING - Attempt 2 failed for https://melissa.respira.live/jewel: 404 Client Error: Not Found for url: https://melissa.respira.live/jewel
2025-07-09 00:51:51,320 - INFO - Waiting 4 seconds before retry...
2025-07-09 00:51:55,324 - INFO - Scraping: https://melissa.respira.live/jewel (attempt 3/3)
2025-07-09 00:51:55,810 - WARNING - Attempt 3 failed for https://melissa.respira.live/jewel: 404 Client Error: Not Found for url: https://melissa.respira.live/jewel
2025-07-09 00:51:55,810 - ERROR - All attempts failed for https://melissa.respira.live/jewel
2025-07-09 00:51:55,810 - ERROR - Failed to scrape: https://melissa.respira.live/jewel
2025-07-09 00:51:55,811 - INFO - Batch completed. Pausing 16.64 seconds before next batch...
2025-07-09 00:52:12,457 - INFO - Processing batch 4 with 5 URLs
2025-07-09 00:52:12,460 - INFO - Scraping: https://melissa.respira.live/man-activated-1 (attempt 1/3)
2025-07-09 00:52:13,135 - WARNING - Attempt 1 failed for https://melissa.respira.live/man-activated-1: 404 Client Error: Not Found for url: https://melissa.respira.live/man-activated-1
2025-07-09 00:52:13,135 - INFO - Waiting 2 seconds before retry...
2025-07-09 00:52:15,138 - INFO - Scraping: https://melissa.respira.live/man-activated-1 (attempt 2/3)
2025-07-09 00:52:15,619 - WARNING - Attempt 2 failed for https://melissa.respira.live/man-activated-1: 404 Client Error: Not Found for url: https://melissa.respira.live/man-activated-1
2025-07-09 00:52:15,619 - INFO - Waiting 4 seconds before retry...
2025-07-09 00:52:19,624 - INFO - Scraping: https://melissa.respira.live/man-activated-1 (attempt 3/3)
2025-07-09 00:52:20,056 - WARNING - Attempt 3 failed for https://melissa.respira.live/man-activated-1: 404 Client Error: Not Found for url: https://melissa.respira.live/man-activated-1
2025-07-09 00:52:20,057 - ERROR - All attempts failed for https://melissa.respira.live/man-activated-1
2025-07-09 00:52:20,058 - ERROR - Failed to scrape: https://melissa.respira.live/man-activated-1
2025-07-09 00:52:20,061 - INFO - Waiting 2.79 seconds...
2025-07-09 00:52:22,860 - INFO - Scraping: https://melissa.respira.live/surrender (attempt 1/3)
2025-07-09 00:52:23,499 - INFO - Successfully scraped: https://melissa.respira.live/surrender
2025-07-09 00:52:23,499 - INFO - Progress: 8/5 URLs completed
2025-07-09 00:52:23,500 - INFO - Waiting 3.55 seconds...
2025-07-09 00:52:27,053 - INFO - Scraping: https://melissa.respira.live/master-your-sexual-presence (attempt 1/3)
2025-07-09 00:52:27,664 - INFO - Successfully scraped: https://melissa.respira.live/master-your-sexual-presence
2025-07-09 00:52:27,664 - INFO - Progress: 9/5 URLs completed
2025-07-09 00:52:27,666 - INFO - Waiting 4.96 seconds...
2025-07-09 00:52:32,629 - INFO - Scraping: https://melissa.respira.live/oyc (attempt 1/3)
2025-07-09 00:52:33,487 - INFO - Successfully scraped: https://melissa.respira.live/oyc
2025-07-09 00:52:33,487 - INFO - Progress: 10/5 URLs completed
2025-07-09 00:52:33,489 - INFO - Waiting 4.13 seconds...
2025-07-09 00:52:37,625 - INFO - Scraping: https://melissa.respira.live/comparte (attempt 1/3)
2025-07-09 00:52:38,217 - INFO - Successfully scraped: https://melissa.respira.live/comparte
2025-07-09 00:52:38,217 - INFO - Progress: 11/5 URLs completed
2025-07-09 00:52:38,218 - INFO - Batch completed. Pausing 15.94 seconds before next batch...
2025-07-09 00:52:54,165 - INFO - Processing batch 5 with 5 URLs
2025-07-09 00:52:54,167 - INFO - Scraping: https://melissa.respira.live/the-pleasure-studio-policy (attempt 1/3)
2025-07-09 00:52:54,815 - INFO - Successfully scraped: https://melissa.respira.live/the-pleasure-studio-policy
2025-07-09 00:52:54,815 - INFO - Progress: 12/5 URLs completed
2025-07-09 00:52:54,816 - INFO - Waiting 2.20 seconds...
2025-07-09 00:52:57,022 - INFO - Scraping: https://melissa.respira.live/pussy-talks (attempt 1/3)
2025-07-09 00:52:57,625 - INFO - Successfully scraped: https://melissa.respira.live/pussy-talks
2025-07-09 00:52:57,625 - INFO - Progress: 13/5 URLs completed
2025-07-09 00:52:57,626 - INFO - Waiting 2.46 seconds...
2025-07-09 00:53:00,086 - INFO - Scraping: https://melissa.respira.live/pussy-talks-thank-you-page (attempt 1/3)
2025-07-09 00:53:00,705 - INFO - Successfully scraped: https://melissa.respira.live/pussy-talks-thank-you-page
2025-07-09 00:53:00,705 - INFO - Progress: 14/5 URLs completed
2025-07-09 00:53:00,706 - INFO - Waiting 2.99 seconds...
2025-07-09 00:53:03,698 - INFO - Scraping: https://melissa.respira.live/podcasts (attempt 1/3)
2025-07-09 00:53:04,486 - INFO - Successfully scraped: https://melissa.respira.live/podcasts
2025-07-09 00:53:04,486 - INFO - Progress: 15/5 URLs completed
2025-07-09 00:53:04,487 - INFO - Waiting 3.12 seconds...
2025-07-09 00:53:07,615 - INFO - Scraping: https://melissa.respira.live/block (attempt 1/3)
2025-07-09 00:53:08,284 - INFO - Successfully scraped: https://melissa.respira.live/block
2025-07-09 00:53:08,285 - INFO - Progress: 16/5 URLs completed
2025-07-09 00:53:08,286 - INFO - Batch completed. Pausing 17.57 seconds before next batch...
2025-07-09 00:53:25,863 - INFO - Processing batch 6 with 5 URLs
2025-07-09 00:53:25,879 - INFO - Scraping: https://melissa.respira.live/deeper-relating (attempt 1/3)
2025-07-09 00:53:27,070 - INFO - Successfully scraped: https://melissa.respira.live/deeper-relating
2025-07-09 00:53:27,070 - INFO - Progress: 17/5 URLs completed
2025-07-09 00:53:27,071 - INFO - Waiting 3.84 seconds...
2025-07-09 00:53:30,913 - INFO - Scraping: https://melissa.respira.live/free-community-events (attempt 1/3)
2025-07-09 00:53:31,656 - INFO - Successfully scraped: https://melissa.respira.live/free-community-events
2025-07-09 00:53:31,656 - INFO - Progress: 18/5 URLs completed
2025-07-09 00:53:31,668 - INFO - Waiting 2.44 seconds...
2025-07-09 00:53:34,110 - INFO - Scraping: https://melissa.respira.live/occupy-your-cock (attempt 1/3)
2025-07-09 00:53:35,822 - INFO - Successfully scraped: https://melissa.respira.live/occupy-your-cock
2025-07-09 00:53:35,822 - INFO - Progress: 19/5 URLs completed
2025-07-09 00:53:35,824 - INFO - Waiting 4.97 seconds...
2025-07-09 00:53:40,803 - INFO - Scraping: https://melissa.respira.live/menscoaching (attempt 1/3)
2025-07-09 00:53:41,352 - INFO - Successfully scraped: https://melissa.respira.live/menscoaching
2025-07-09 00:53:41,352 - INFO - Progress: 20/5 URLs completed
2025-07-09 00:53:41,353 - INFO - Waiting 3.51 seconds...
2025-07-09 00:53:44,866 - INFO - Scraping: https://melissa.respira.live/womenscoaching (attempt 1/3)
2025-07-09 00:53:45,592 - INFO - Successfully scraped: https://melissa.respira.live/womenscoaching
2025-07-09 00:53:45,592 - INFO - Progress: 21/5 URLs completed
2025-07-09 00:53:45,599 - INFO - Batch completed. Pausing 18.27 seconds before next batch...
2025-07-09 00:54:03,877 - INFO - Processing batch 7 with 5 URLs
2025-07-09 00:54:03,877 - INFO - Scraping: https://melissa.respira.live/5-day-free-pleasure-immersion (attempt 1/3)
2025-07-09 00:54:04,693 - INFO - Successfully scraped: https://melissa.respira.live/5-day-free-pleasure-immersion
2025-07-09 00:54:04,693 - INFO - Progress: 22/5 URLs completed
2025-07-09 00:54:04,695 - INFO - Waiting 4.26 seconds...
2025-07-09 00:54:08,961 - INFO - Scraping: https://melissa.respira.live/opt-in (attempt 1/3)
2025-07-09 00:54:09,478 - INFO - Successfully scraped: https://melissa.respira.live/opt-in
2025-07-09 00:54:09,478 - INFO - Progress: 23/5 URLs completed
2025-07-09 00:54:09,480 - INFO - Waiting 3.80 seconds...
2025-07-09 00:54:13,290 - INFO - Scraping: https://melissa.respira.live/5-day-pleasure-thank-you (attempt 1/3)
2025-07-09 00:54:13,927 - INFO - Successfully scraped: https://melissa.respira.live/5-day-pleasure-thank-you
2025-07-09 00:54:13,927 - INFO - Progress: 24/5 URLs completed
2025-07-09 00:54:13,928 - INFO - Waiting 2.11 seconds...
2025-07-09 00:54:16,036 - INFO - Scraping: https://melissa.respira.live/loud (attempt 1/3)
2025-07-09 00:54:16,722 - INFO - Successfully scraped: https://melissa.respira.live/loud
2025-07-09 00:54:16,723 - INFO - Progress: 25/5 URLs completed
2025-07-09 00:54:16,724 - INFO - Waiting 4.76 seconds...
2025-07-09 00:54:21,491 - INFO - Scraping: https://melissa.respira.live/contact-me (attempt 1/3)
2025-07-09 00:54:21,984 - INFO - Successfully scraped: https://melissa.respira.live/contact-me
2025-07-09 00:54:21,985 - INFO - Progress: 26/5 URLs completed
2025-07-09 00:54:21,990 - INFO - Batch completed. Pausing 13.33 seconds before next batch...
2025-07-09 00:54:35,326 - INFO - Processing batch 8 with 5 URLs
2025-07-09 00:54:35,327 - INFO - Scraping: https://melissa.respira.live/opt-in-db771637-dd78-4d8a-84dd-8d47753512cc (attempt 1/3)
2025-07-09 00:54:35,842 - INFO - Successfully scraped: https://melissa.respira.live/opt-in-db771637-dd78-4d8a-84dd-8d47753512cc
2025-07-09 00:54:35,847 - INFO - Progress: 27/5 URLs completed
2025-07-09 00:54:35,854 - INFO - Waiting 3.76 seconds...
2025-07-09 00:54:39,614 - INFO - Scraping: https://melissa.respira.live/thank-you-bd8bbfde-1a55-4f99-8693-54f7a51c2798 (attempt 1/3)
2025-07-09 00:54:40,215 - INFO - Successfully scraped: https://melissa.respira.live/thank-you-bd8bbfde-1a55-4f99-8693-54f7a51c2798
2025-07-09 00:54:40,215 - INFO - Progress: 28/5 URLs completed
2025-07-09 00:54:40,224 - INFO - Waiting 2.45 seconds...
2025-07-09 00:54:42,681 - INFO - Scraping: https://melissa.respira.live/relating-deeper (attempt 1/3)
2025-07-09 00:54:43,492 - INFO - Successfully scraped: https://melissa.respira.live/relating-deeper
2025-07-09 00:54:43,492 - INFO - Progress: 29/5 URLs completed
2025-07-09 00:54:43,493 - INFO - Waiting 4.68 seconds...
2025-07-09 00:54:48,176 - INFO - Scraping: https://melissa.respira.live/deeperrelatingcheckout (attempt 1/3)
2025-07-09 00:54:48,828 - INFO - Successfully scraped: https://melissa.respira.live/deeperrelatingcheckout
2025-07-09 00:54:48,828 - INFO - Progress: 30/5 URLs completed
2025-07-09 00:54:48,830 - INFO - Waiting 3.45 seconds...
2025-07-09 00:54:52,281 - INFO - Scraping: https://melissa.respira.live/Pleasurecodeimmersion (attempt 1/3)
2025-07-09 00:54:52,870 - INFO - Successfully scraped: https://melissa.respira.live/Pleasurecodeimmersion
2025-07-09 00:54:52,870 - INFO - Progress: 31/5 URLs completed
2025-07-09 00:54:52,872 - INFO - Scraping completed!
2025-07-09 00:54:52,872 - INFO - Total URLs processed: 31
2025-07-09 00:54:52,872 - INFO - Total URLs failed: 9
2025-07-09 00:54:52,872 - INFO - Results saved to: scraper_results.json
2025-07-09 00:54:52,873 - WARNING - Failed URLs: ['https://melissa.respira.live/OpeningLondon', 'https://melissa.respira.live/ManInControl', 'https://melissa.respira.live/man-in-control-group-program', 'https://melissa.respira.live/RavishLondon', 'https://melissa.respira.live/TheToplessBrunch', 'https://melissa.respira.live/MasterYourSexualPresence', 'https://melissa.respira.live/LaFemme', 'https://melissa.respira.live/jewel', 'https://melissa.respira.live/man-activated-1']
